<?xml version="1.0" encoding="utf-8"?>
<LinearLayout xmlns:android="http://schemas.android.com/apk/res/android"
    android:layout_width="match_parent"
    android:layout_height="match_parent"
    android:gravity="center"
    android:orientation="vertical">

    <Button
        android:id="@+id/button6"
        android:layout_width="180dp"
        android:layout_height="180dp"
        android:background="@drawable/circle"
        android:textColor="@color/white"
        android:textSize="25sp"
        android:textStyle="bold"
        android:text="총점" />

    <TextView
        android:id="@+id/textView5"
        android:layout_width="wrap_content"
        android:layout_height="wrap_content"
        android:layout_marginTop="30dp"
        android:textSize="30sp"
        android:textColor="@color/black"
        android:textStyle="bold"
        android:text="가능성이 있습니다" />

    <TextView
        android:id="@+id/textView4"
        android:layout_width="wrap_content"
        android:layout_height="wrap_content"
        android:layout_marginTop="15dp"
        android:text="TextView" />
</LinearLayout>