<?xml version="1.0" encoding="utf-8"?>
<LinearLayout xmlns:android="http://schemas.android.com/apk/res/android"
    android:layout_width="match_parent"
    android:layout_height="match_parent"
    android:gravity="center"
    android:background="#F9EDCB"
    android:orientation="vertical">

    <TextView
        android:id="@+id/textView3"
        android:layout_width="match_parent"
        android:layout_height="wrap_content"
        android:fontFamily="@font/spoqahansansneo_regular"
        android:textStyle="bold"
        android:layout_marginTop="40dp"
        android:layout_marginLeft="20dp"
        android:textColor="@color/black"
        android:textSize="22sp"
        android:text="테스트 결과" />

    <LinearLayout
        android:layout_width="match_parent"
        android:layout_height="wrap_content"
        android:background="@color/white"
        android:layout_marginTop="30dp"
        android:layout_marginLeft="30dp"
        android:layout_marginRight="30dp"
        android:layout_marginBottom="20dp"
        android:orientation="vertical">

        <Button
            android:id="@+id/score"
            android:layout_width="130dp"
            android:layout_height="130dp"
            android:layout_gravity="center"
            android:layout_marginTop="40dp"
            android:background="@drawable/circle"
            android:fontFamily="@font/spoqahansansneo_regular"
            android:text="총점\n15점"
            android:textColor="@color/white"
            android:textSize="22sp"
            android:textStyle="bold" />

        <TextView
            android:id="@+id/textView5"
            android:layout_width="match_parent"
            android:layout_height="wrap_content"
            android:layout_marginTop="30dp"
            android:fontFamily="@font/spoqahansansneo_regular"
            android:gravity="center_horizontal"
            android:text="가능성이 있습니다"
            android:textColor="@color/black"
            android:textSize="25sp"
            android:textStyle="bold" />

        <TextView
            android:id="@+id/textView4"
            android:layout_width="match_parent"
            android:layout_height="wrap_content"
            android:layout_marginTop="15dp"
            android:layout_marginBottom="50dp"
            android:gravity="center_horizontal"
            android:fontFamily="@font/spoqahansansneo_regular"
            android:textColor="@color/black"
            android:textSize="15sp"
            android:text="아동 자폐증이나 사회적 의사소통 어려움의\n가능성이 있습니다.\n본 검사는 진단이 아닌 선별검사일 뿐\n정확한 진단은 전문의를 통해 상담하셔야 합니다." />
    </LinearLayout>

    <LinearLayout
        android:layout_width="match_parent"
        android:layout_height="match_parent"
        android:layout_marginLeft="30dp"
        android:layout_marginRight="30dp"
        android:background="@color/white"
        android:orientation="vertical">

        <TextView
            android:id="@+id/textView9"
            android:layout_width="match_parent"
            android:layout_height="wrap_content"
            android:layout_marginTop="30dp"
            android:layout_marginLeft="30dp"
            android:textColor="@color/black"
            android:textSize="20sp"
            android:fontFamily="@font/spoqahansansneo_regular"
            android:text="TextView" />
    </LinearLayout>

</LinearLayout>