<?xml version="1.0" encoding="utf-8"?>
<LinearLayout xmlns:android="http://schemas.android.com/apk/res/android"
    android:layout_width="match_parent"
    android:layout_height="match_parent"
    xmlns:app="http://schemas.android.com/apk/res-auto"
    android:gravity="center"
    android:background="#F9EDCB"
    android:orientation="vertical">

    <ScrollView
        android:layout_width="match_parent"
        android:layout_height="match_parent">

        <LinearLayout
            android:layout_width="match_parent"
            android:layout_height="wrap_content"
            android:orientation="vertical" >

            <LinearLayout
                android:layout_width="match_parent"
                android:layout_height="wrap_content"
                android:layout_marginTop="40dp"
                android:orientation="horizontal">

                <TextView
                    android:id="@+id/textView3"
                    android:layout_width="wrap_content"
                    android:layout_height="wrap_content"
                    android:layout_marginLeft="30dp"
                    android:fontFamily="@font/spoqahansansneo_regular"
                    android:text="테스트 결과"
                    android:textColor="@color/black"
                    android:textSize="22sp"
                    android:textStyle="bold" />

                <ImageView
                    android:id="@+id/cancel"
                    android:layout_width="30dp"
                    android:layout_height="30dp"
                    android:layout_marginLeft="150dp"
                    app:srcCompat="@drawable/cancel" />
            </LinearLayout>

            <LinearLayout
                android:layout_width="match_parent"
                android:layout_height="wrap_content"
                android:layout_marginLeft="30dp"
                android:layout_marginTop="30dp"
                android:layout_marginRight="30dp"
                android:layout_marginBottom="20dp"
                android:background="@color/white"
                android:orientation="vertical">

                <Button
                    android:id="@+id/btScore"
                    android:layout_width="130dp"
                    android:layout_height="130dp"
                    android:layout_gravity="center"
                    android:layout_marginTop="40dp"
                    android:background="@drawable/circle"
                    android:fontFamily="@font/spoqahansansneo_regular"
                    android:text="총점\n15점"
                    android:textColor="@color/white"
                    android:textSize="22sp"
                    android:textStyle="bold" />

                <TextView
                    android:id="@+id/tvResult1"
                    android:layout_width="match_parent"
                    android:layout_height="wrap_content"
                    android:layout_marginTop="30dp"
                    android:fontFamily="@font/spoqahansansneo_regular"
                    android:gravity="center_horizontal"
                    android:text="가능성이 있습니다"
                    android:textColor="@color/black"
                    android:textSize="25sp"
                    android:textStyle="bold" />

                <TextView
                    android:id="@+id/tvResult2"
                    android:layout_width="match_parent"
                    android:layout_height="wrap_content"
                    android:layout_marginTop="15dp"
                    android:layout_marginBottom="50dp"
                    android:fontFamily="@font/spoqahansansneo_regular"
                    android:gravity="center_horizontal"
                    android:text="자세한 결과"
                    android:textColor="@color/black"
                    android:textSize="15sp" />
            </LinearLayout>

            <LinearLayout
                android:layout_width="match_parent"
                android:layout_height="match_parent"
                android:layout_marginLeft="30dp"
                android:layout_marginRight="30dp"
                android:background="@color/white"
                android:orientation="vertical">

                <TextView
                    android:id="@+id/tvMean"
                    android:layout_width="match_parent"
                    android:layout_height="wrap_content"
                    android:layout_marginTop="30dp"
                    android:layout_marginLeft="30dp"
                    android:textColor="@color/black"
                    android:textSize="20sp"
                    android:textStyle="bold"
                    android:fontFamily="@font/spoqahansansneo_regular"
                    android:text="평균 100점" />

                <org.eazegraph.lib.charts.BarChart
                    android:id="@+id/barchart"
                    android:layout_width="match_parent"
                    android:layout_height="256dp"
                    android:layout_marginLeft="10dp"
                    android:layout_marginTop="15dp"
                    android:layout_marginRight="10dp"
                    android:layout_marginBottom="20dp"
                    android:padding="10dp"
                    app:egBarWidth="20dp"
                    app:egEnableScroll="true"
                    app:egFixedBarWidth="true"
                    app:egLegendHeight="40dp"
                    app:egShowDecimal="true" />
            </LinearLayout>
        </LinearLayout>
    </ScrollView>
</LinearLayout>